[2022-11-09T18:51:30.267] [INFO] todos - metodo GET Ruta  /
[2022-11-09T18:51:31.489] [WARN] todos - metodo GET Ruta inexistente /favicon.ico
[2022-11-09T18:52:18.479] [WARN] todos - metodo GET Ruta inexistente /login-error
[2022-11-09T18:53:01.730] [WARN] todos - metodo GET Ruta inexistente /login-error
[2022-11-09T18:53:30.318] [INFO] todos - metodo POST Ruta  /login
[2022-11-09T19:10:23.077] [INFO] todos - metodo GET Ruta  /
[2022-11-09T19:10:34.134] [INFO] todos - metodo POST Ruta  /login
[2022-11-09T19:11:51.983] [INFO] todos - metodo POST Ruta  /login
[2022-11-09T21:05:30.973] [INFO] todos - metodo GET Ruta  /
[2022-11-09T21:06:14.735] [INFO] todos - metodo POST Ruta  /login
[2022-11-09T21:06:44.392] [INFO] todos - metodo GET Ruta  /
[2022-11-09T21:06:50.134] [WARN] todos - metodo GET Ruta inexistente /login-error
[2022-11-09T21:07:00.384] [INFO] todos - metodo POST Ruta  /login
[2022-11-09T21:30:44.246] [INFO] todos - metodo GET Ruta  /
[2022-11-09T21:30:49.295] [INFO] todos - metodo POST Ruta  /login
[2022-11-09T21:31:29.316] [INFO] todos - metodo GET Ruta  /
[2022-11-09T21:31:41.154] [INFO] todos - metodo POST Ruta  /login
[2022-11-09T21:32:07.007] [WARN] todos - metodo GET Ruta inexistente /logout
[2022-11-09T21:33:17.815] [INFO] todos - metodo GET Ruta  /
[2022-11-09T21:35:31.918] [INFO] todos - metodo POST Ruta  /login
[2022-11-09T21:35:37.405] [WARN] todos - metodo GET Ruta inexistente /logout
[2022-11-09T22:07:12.384] [INFO] todos - metodo GET Ruta  /
[2022-11-20T14:45:28.521] [INFO] todos - metodo GET Ruta  /
[2022-11-20T14:47:51.527] [INFO] todos - metodo GET Ruta  /
[2022-11-20T14:51:50.645] [WARN] todos - metodo GET Ruta inexistente /login-error
[2022-11-20T14:53:53.332] [WARN] todos - metodo GET Ruta inexistente /login-error
[2022-11-20T16:11:52.449] [INFO] todos - metodo GET Ruta  /
[2022-11-20T16:15:42.365] [INFO] todos - metodo GET Ruta  /
[2022-11-20T16:15:48.805] [WARN] todos - metodo GET Ruta inexistente /login-error
[2022-11-20T16:16:10.088] [WARN] todos - metodo GET Ruta inexistente /login-error
[2022-11-20T16:16:43.076] [WARN] todos - metodo GET Ruta inexistente /login-error
[2022-11-20T17:17:22.506] [INFO] todos - metodo GET Ruta  /
[2022-11-20T17:17:55.078] [WARN] todos - metodo GET Ruta inexistente /login-error
[2022-11-20T17:32:32.412] [INFO] todos - metodo GET Ruta  /
[2022-11-20T17:32:49.083] [WARN] todos - metodo GET Ruta inexistente /login-error
[2022-11-20T17:34:32.862] [INFO] todos - metodo GET Ruta  /
[2022-11-20T17:34:46.493] [WARN] todos - metodo GET Ruta inexistente /login-error
[2022-11-20T17:55:33.073] [INFO] todos - metodo GET Ruta  /
[2022-11-20T17:55:46.039] [WARN] todos - metodo GET Ruta inexistente /login-error
[2022-11-20T18:00:01.406] [WARN] todos - metodo GET Ruta inexistente /register-error
[2022-11-20T18:02:39.334] [WARN] todos - metodo GET Ruta inexistente /login-error
[2022-11-20T18:03:11.479] [INFO] todos - metodo GET Ruta  /
[2022-11-20T18:09:28.379] [WARN] todos - metodo GET Ruta inexistente /login-error
[2022-11-20T18:14:56.929] [INFO] todos - metodo GET Ruta  /
[2022-11-20T18:17:35.964] [INFO] todos - metodo GET Ruta  /
[2022-11-20T18:18:30.291] [INFO] todos - metodo GET Ruta  /
[2022-11-20T18:19:02.609] [INFO] todos - metodo GET Ruta  /
[2022-11-20T18:24:12.592] [INFO] todos - metodo GET Ruta  /
[2022-11-20T18:33:26.572] [INFO] todos - metodo GET Ruta  /
[2022-11-20T18:36:25.491] [INFO] todos - metodo GET Ruta  /
[2022-11-20T18:36:41.997] [INFO] todos - metodo GET Ruta  /
[2022-11-20T18:47:58.140] [INFO] todos - metodo GET Ruta  /
[2022-11-20T18:49:22.577] [INFO] todos - metodo GET Ruta  /
[2022-11-20T18:50:42.746] [INFO] todos - metodo GET Ruta  /
[2022-11-20T18:52:54.723] [INFO] todos - metodo GET Ruta  /
[2022-11-20T18:59:11.677] [INFO] todos - metodo GET Ruta  /
[2022-11-20T18:59:15.007] [INFO] todos - metodo GET Ruta  /
[2022-11-20T19:05:25.286] [INFO] todos - metodo GET Ruta  /
[2022-11-20T21:11:42.058] [WARN] todos - metodo GET Ruta inexistente /productos
[2022-11-20T21:14:08.079] [INFO] todos - metodo GET Ruta  /
[2022-11-20T21:14:25.911] [INFO] todos - metodo GET Ruta  /
[2022-11-20T21:16:11.411] [INFO] todos - metodo GET Ruta  /
[2022-11-20T21:28:42.471] [INFO] todos - metodo GET Ruta  /
[2022-11-20T21:33:19.595] [WARN] todos - metodo GET Ruta inexistente /l
[2022-11-20T21:33:22.351] [INFO] todos - metodo GET Ruta  /
[2022-11-20T21:41:00.449] [INFO] todos - metodo GET Ruta  /
[2022-11-20T21:42:55.880] [INFO] todos - metodo GET Ruta  /
[2022-11-20T21:43:39.820] [INFO] todos - metodo GET Ruta  /
[2022-11-20T21:44:33.081] [INFO] todos - metodo GET Ruta  /
[2022-11-20T22:04:18.991] [INFO] todos - metodo GET Ruta  /
[2022-11-20T22:10:48.259] [INFO] todos - metodo GET Ruta  /
